2022-01-20 10:12:20.847  INFO 160941 --- [restartedMain] c.a.p.a.a.PhotoAppApiAlbumsApplication   : No active profile set, falling back to default profiles: default
2022-01-20 10:12:21.678  WARN 160941 --- [restartedMain] o.s.boot.actuate.endpoint.EndpointId     : Endpoint ID 'service-registry' contains invalid characters, please migrate to a valid format.
2022-01-20 10:12:21.882  INFO 160941 --- [restartedMain] o.s.cloud.context.scope.GenericScope     : BeanFactory id=89ab7fb8-937e-3ce1-9610-146928291514
2022-01-20 10:12:21.976  INFO 160941 --- [restartedMain] trationDelegate$BeanPostProcessorChecker : Bean 'org.springframework.cloud.autoconfigure.ConfigurationPropertiesRebinderAutoConfiguration' of type [org.springframework.cloud.autoconfigure.ConfigurationPropertiesRebinderAutoConfiguration$$EnhancerBySpringCGLIB$$3a57d5f7] is not eligible for getting processed by all BeanPostProcessors (for example: not eligible for auto-proxying)
2022-01-20 10:12:22.459  INFO 160941 --- [restartedMain] o.s.b.w.embedded.tomcat.TomcatWebServer  : Tomcat initialized with port(s): 0 (http)
2022-01-20 10:12:22.481  INFO 160941 --- [restartedMain] o.apache.catalina.core.StandardService   : Starting service [Tomcat]
2022-01-20 10:12:22.481  INFO 160941 --- [restartedMain] org.apache.catalina.core.StandardEngine  : Starting Servlet engine: [Apache Tomcat/9.0.14]
2022-01-20 10:12:22.489  INFO 160941 --- [restartedMain] o.a.catalina.core.AprLifecycleListener   : The APR based Apache Tomcat Native library which allows optimal performance in production environments was not found on the java.library.path: [/usr/java/packages/lib:/usr/lib64:/lib64:/lib:/usr/lib]
2022-01-20 10:12:22.561  INFO 160941 --- [restartedMain] o.a.c.c.C.[Tomcat].[localhost].[/]       : Initializing Spring embedded WebApplicationContext
2022-01-20 10:12:22.562  INFO 160941 --- [restartedMain] o.s.web.context.ContextLoader            : Root WebApplicationContext: initialization completed in 1695 ms
2022-01-20 10:12:22.643  WARN 160941 --- [restartedMain] c.n.c.sources.URLConfigurationSource     : No URLs will be polled as dynamic configuration sources.
2022-01-20 10:12:22.643  INFO 160941 --- [restartedMain] c.n.c.sources.URLConfigurationSource     : To enable URLs as dynamic configuration sources, define System property archaius.configurationSource.additionalUrls or make config.properties available on classpath.
2022-01-20 10:12:22.652  INFO 160941 --- [restartedMain] c.netflix.config.DynamicPropertyFactory  : DynamicPropertyFactory is initialized with configuration sources: com.netflix.config.ConcurrentCompositeConfiguration@62f452e4
2022-01-20 10:12:22.996  WARN 160941 --- [restartedMain] c.n.c.sources.URLConfigurationSource     : No URLs will be polled as dynamic configuration sources.
2022-01-20 10:12:22.997  INFO 160941 --- [restartedMain] c.n.c.sources.URLConfigurationSource     : To enable URLs as dynamic configuration sources, define System property archaius.configurationSource.additionalUrls or make config.properties available on classpath.
2022-01-20 10:12:23.120  INFO 160941 --- [restartedMain] o.s.s.concurrent.ThreadPoolTaskExecutor  : Initializing ExecutorService 'applicationTaskExecutor'
2022-01-20 10:12:23.389  WARN 160941 --- [restartedMain] o.s.b.d.a.OptionalLiveReloadServer       : Unable to start LiveReload server
2022-01-20 10:12:23.469  INFO 160941 --- [restartedMain] o.s.b.a.e.web.EndpointLinksResolver      : Exposing 2 endpoint(s) beneath base path '/actuator'
2022-01-20 10:12:23.551  INFO 160941 --- [restartedMain] o.s.b.w.embedded.tomcat.TomcatWebServer  : Tomcat started on port(s): 38607 (http) with context path ''
2022-01-20 10:12:23.552  INFO 160941 --- [restartedMain] .s.c.n.e.s.EurekaAutoServiceRegistration : Updating port to 38607
2022-01-20 10:12:23.556  INFO 160941 --- [restartedMain] o.s.c.n.eureka.InstanceInfoFactory       : Setting initial instance status as: STARTING
2022-01-20 10:12:23.582  INFO 160941 --- [restartedMain] com.netflix.discovery.DiscoveryClient    : Initializing Eureka in region us-east-1
2022-01-20 10:12:23.718  INFO 160941 --- [restartedMain] c.n.d.provider.DiscoveryJerseyProvider   : Using JSON encoding codec LegacyJacksonJson
2022-01-20 10:12:23.718  INFO 160941 --- [restartedMain] c.n.d.provider.DiscoveryJerseyProvider   : Using JSON decoding codec LegacyJacksonJson
2022-01-20 10:12:23.836  INFO 160941 --- [restartedMain] c.n.d.provider.DiscoveryJerseyProvider   : Using XML encoding codec XStreamXml
2022-01-20 10:12:23.837  INFO 160941 --- [restartedMain] c.n.d.provider.DiscoveryJerseyProvider   : Using XML decoding codec XStreamXml
2022-01-20 10:12:23.975  INFO 160941 --- [restartedMain] c.n.d.s.r.aws.ConfigClusterResolver      : Resolving eureka endpoints via configuration
2022-01-20 10:12:23.992  INFO 160941 --- [restartedMain] com.netflix.discovery.DiscoveryClient    : Disable delta property : false
2022-01-20 10:12:23.992  INFO 160941 --- [restartedMain] com.netflix.discovery.DiscoveryClient    : Single vip registry refresh property : null
2022-01-20 10:12:23.992  INFO 160941 --- [restartedMain] com.netflix.discovery.DiscoveryClient    : Force full registry fetch : false
2022-01-20 10:12:23.992  INFO 160941 --- [restartedMain] com.netflix.discovery.DiscoveryClient    : Application is null : false
2022-01-20 10:12:23.992  INFO 160941 --- [restartedMain] com.netflix.discovery.DiscoveryClient    : Registered Applications size is zero : true
2022-01-20 10:12:23.992  INFO 160941 --- [restartedMain] com.netflix.discovery.DiscoveryClient    : Application version is -1: true
2022-01-20 10:12:23.992  INFO 160941 --- [restartedMain] com.netflix.discovery.DiscoveryClient    : Getting all instance registry info from the eureka server
2022-01-20 10:12:24.138  INFO 160941 --- [restartedMain] com.netflix.discovery.DiscoveryClient    : The response status is 200
2022-01-20 10:12:24.140  INFO 160941 --- [restartedMain] com.netflix.discovery.DiscoveryClient    : Starting heartbeat executor: renew interval is: 30
2022-01-20 10:12:24.143  INFO 160941 --- [restartedMain] c.n.discovery.InstanceInfoReplicator     : InstanceInfoReplicator onDemand update allowed rate per min is 4
2022-01-20 10:12:24.146  INFO 160941 --- [restartedMain] com.netflix.discovery.DiscoveryClient    : Discovery Client initialized at timestamp 1642669944145 with initial instances count: 1
2022-01-20 10:12:24.148  INFO 160941 --- [restartedMain] o.s.c.n.e.s.EurekaServiceRegistry        : Registering application ALBUMS-WS with eureka with status UP
2022-01-20 10:12:24.148  INFO 160941 --- [restartedMain] com.netflix.discovery.DiscoveryClient    : Saw local status change event StatusChangeEvent [timestamp=1642669944148, current=UP, previous=STARTING]
2022-01-20 10:12:24.150  INFO 160941 --- [DiscoveryClient-InstanceInfoReplicator-0] com.netflix.discovery.DiscoveryClient    : DiscoveryClient_ALBUMS-WS/albums-ws:c9956a5869f226c2f11331de0d29caa4: registering service...
2022-01-20 10:12:24.153  INFO 160941 --- [restartedMain] c.a.p.a.a.PhotoAppApiAlbumsApplication   : Started PhotoAppApiAlbumsApplication in 4.691 seconds (JVM running for 5.395)
2022-01-20 10:12:24.175  INFO 160941 --- [DiscoveryClient-InstanceInfoReplicator-0] com.netflix.discovery.DiscoveryClient    : DiscoveryClient_ALBUMS-WS/albums-ws:c9956a5869f226c2f11331de0d29caa4 - registration status: 204
2022-01-20 10:17:23.994  INFO 160941 --- [AsyncResolver-bootstrap-executor-0] c.n.d.s.r.aws.ConfigClusterResolver      : Resolving eureka endpoints via configuration
2022-01-20 10:22:23.995  INFO 160941 --- [AsyncResolver-bootstrap-executor-0] c.n.d.s.r.aws.ConfigClusterResolver      : Resolving eureka endpoints via configuration
2022-01-20 10:22:36.925  INFO 160941 --- [http-nio-auto-1-exec-1] o.a.c.c.C.[Tomcat].[localhost].[/]       : Initializing Spring DispatcherServlet 'dispatcherServlet'
2022-01-20 10:22:36.925  INFO 160941 --- [http-nio-auto-1-exec-1] o.s.web.servlet.DispatcherServlet        : Initializing Servlet 'dispatcherServlet'
2022-01-20 10:22:36.932  INFO 160941 --- [http-nio-auto-1-exec-1] o.s.web.servlet.DispatcherServlet        : Completed initialization in 7 ms
2022-01-20 10:22:36.990  INFO 160941 --- [http-nio-auto-1-exec-1] c.a.p.a.a.i.c.AlbumsController           : Returning 2 albums
2022-01-20 10:24:00.707  INFO 160941 --- [http-nio-auto-1-exec-3] c.a.p.a.a.i.c.AlbumsController           : Returning 2 albums
2022-01-20 10:27:23.995  INFO 160941 --- [AsyncResolver-bootstrap-executor-0] c.n.d.s.r.aws.ConfigClusterResolver      : Resolving eureka endpoints via configuration
2022-01-20 10:29:20.660  INFO 160941 --- [http-nio-auto-1-exec-5] c.a.p.a.a.i.c.AlbumsController           : Returning 2 albums
2022-01-20 10:32:23.996  INFO 160941 --- [AsyncResolver-bootstrap-executor-0] c.n.d.s.r.aws.ConfigClusterResolver      : Resolving eureka endpoints via configuration
2022-01-20 10:35:44.210  INFO 160941 --- [http-nio-auto-1-exec-7] c.a.p.a.a.i.c.AlbumsController           : Returning 2 albums
2022-01-20 10:37:23.997  INFO 160941 --- [AsyncResolver-bootstrap-executor-0] c.n.d.s.r.aws.ConfigClusterResolver      : Resolving eureka endpoints via configuration
